app/build/intermediates/manifest_merge_blame_file/debug/processDebugMainManifest/manifest-merger-blame-debug-report.txt
1<?xml version="1.0" encoding="utf-8"?>
2<manifest xmlns:android="http://schemas.android.com/apk/res/android"
3    package="com.nnaroju.newsapp"
4    android:versionCode="1"
5    android:versionName="1.0" >
6
7    <uses-sdk
8        android:minSdkVersion="24"
9        android:targetSdkVersion="34" />
10
11    <uses-permission android:name="android.permission.INTERNET" />
11-->src/main/AndroidManifest.xml:5:5-67
11-->src/main/AndroidManifest.xml:5:22-64
12
13    <queries>
13-->src/main/AndroidManifest.xml:32:5-42:15
14        <intent>
14-->src/main/AndroidManifest.xml:33:9-37:18
15            <action android:name="android.intent.action.VIEW" />
15-->src/main/AndroidManifest.xml:34:13-65
15-->src/main/AndroidManifest.xml:34:21-62
16
17            <category android:name="android.intent.category.BROWSABLE" />
17-->src/main/AndroidManifest.xml:35:13-74
17-->src/main/AndroidManifest.xml:35:23-71
18
19            <data android:scheme="https" />
19-->src/main/AndroidManifest.xml:36:13-44
19-->src/main/AndroidManifest.xml:36:19-41
20        </intent>
21        <intent>
21-->src/main/AndroidManifest.xml:39:9-41:18
22            <action android:name="android.intent.action.SEND" />
22-->src/main/AndroidManifest.xml:40:13-65
22-->src/main/AndroidManifest.xml:40:21-62
23        </intent>
24    </queries>
25
26    <uses-permission android:name="android.permission.REORDER_TASKS" />
26-->[androidx.test:core:1.4.0] AndroidManifest.xml:24:5-72
26-->[androidx.test:core:1.4.0] AndroidManifest.xml:24:22-69
27
28    <permission
28-->[androidx.core:core:1.13.1] AndroidManifest.xml:22:5-24:47
29        android:name="com.nnaroju.newsapp.DYNAMIC_RECEIVER_NOT_EXPORTED_PERMISSION"
29-->[androidx.core:core:1.13.1] AndroidManifest.xml:23:9-81
30        android:protectionLevel="signature" />
30-->[androidx.core:core:1.13.1] AndroidManifest.xml:24:9-44
31
32    <uses-permission android:name="com.nnaroju.newsapp.DYNAMIC_RECEIVER_NOT_EXPORTED_PERMISSION" />
32-->[androidx.core:core:1.13.1] AndroidManifest.xml:26:5-97
32-->[androidx.core:core:1.13.1] AndroidManifest.xml:26:22-94
33
34    <application
34-->src/main/AndroidManifest.xml:7:5-30:19
35        android:name="com.nnaroju.newsapp.NewsApplication"
35-->src/main/AndroidManifest.xml:8:9-40
36        android:allowBackup="true"
36-->src/main/AndroidManifest.xml:9:9-35
37        android:appComponentFactory="androidx.core.app.CoreComponentFactory"
37-->[androidx.core:core:1.13.1] AndroidManifest.xml:28:18-86
38        android:dataExtractionRules="@xml/data_extraction_rules"
38-->src/main/AndroidManifest.xml:11:9-65
39        android:debuggable="true"
40        android:extractNativeLibs="false"
41        android:fullBackupContent="@xml/backup_rules"
41-->src/main/AndroidManifest.xml:12:9-54
42        android:icon="@mipmap/ic_launcher"
42-->src/main/AndroidManifest.xml:13:9-43
43        android:label="@string/app_name"
43-->src/main/AndroidManifest.xml:14:9-41
44        android:networkSecurityConfig="@xml/network_security_config"
44-->src/main/AndroidManifest.xml:10:9-69
45        android:roundIcon="@mipmap/ic_launcher_round"
45-->src/main/AndroidManifest.xml:15:9-54
46        android:supportsRtl="true"
46-->src/main/AndroidManifest.xml:16:9-35
47        android:testOnly="true"
48        android:theme="@style/Theme.App.Starting" >
48-->src/main/AndroidManifest.xml:17:9-50
49        <activity
49-->src/main/AndroidManifest.xml:19:9-29:20
50            android:name="com.nnaroju.newsapp.MainActivity"
50-->src/main/AndroidManifest.xml:20:13-41
51            android:exported="true"
51-->src/main/AndroidManifest.xml:21:13-36
52            android:label="@string/app_name"
52-->src/main/AndroidManifest.xml:22:13-45
53            android:theme="@style/Theme.App.Starting" >
53-->src/main/AndroidManifest.xml:23:13-54
54            <intent-filter>
54-->src/main/AndroidManifest.xml:24:13-28:29
55                <action android:name="android.intent.action.MAIN" />
55-->src/main/AndroidManifest.xml:25:17-69
55-->src/main/AndroidManifest.xml:25:25-66
56
57                <category android:name="android.intent.category.LAUNCHER" />
57-->src/main/AndroidManifest.xml:27:17-77
57-->src/main/AndroidManifest.xml:27:27-74
58            </intent-filter>
59        </activity>
60        <activity
60-->[androidx.compose.ui:ui-test-manifest:1.6.7] AndroidManifest.xml:23:9-25:39
61            android:name="androidx.activity.ComponentActivity"
61-->[androidx.compose.ui:ui-test-manifest:1.6.7] AndroidManifest.xml:24:13-63
62            android:exported="true" />
62-->[androidx.compose.ui:ui-test-manifest:1.6.7] AndroidManifest.xml:25:13-36
63        <activity
63-->[androidx.compose.ui:ui-tooling-android:1.6.7] AndroidManifest.xml:23:9-25:39
64            android:name="androidx.compose.ui.tooling.PreviewActivity"
64-->[androidx.compose.ui:ui-tooling-android:1.6.7] AndroidManifest.xml:24:13-71
65            android:exported="true" />
65-->[androidx.compose.ui:ui-tooling-android:1.6.7] AndroidManifest.xml:25:13-36
66        <activity
66-->[androidx.test:core:1.4.0] AndroidManifest.xml:27:9-34:20
67            android:name="androidx.test.core.app.InstrumentationActivityInvoker$BootstrapActivity"
67-->[androidx.test:core:1.4.0] AndroidManifest.xml:28:13-99
68            android:exported="true"
68-->[androidx.test:core:1.4.0] AndroidManifest.xml:29:13-36
69            android:theme="@android:style/Theme" >
69-->[androidx.test:core:1.4.0] AndroidManifest.xml:30:13-49
70            <intent-filter>
70-->[androidx.test:core:1.4.0] AndroidManifest.xml:31:13-33:29
71                <action android:name="android.intent.action.MAIN" />
71-->src/main/AndroidManifest.xml:25:17-69
71-->src/main/AndroidManifest.xml:25:25-66
72            </intent-filter>
73        </activity>
74        <activity
74-->[androidx.test:core:1.4.0] AndroidManifest.xml:35:9-42:20
75            android:name="androidx.test.core.app.InstrumentationActivityInvoker$EmptyActivity"
75-->[androidx.test:core:1.4.0] AndroidManifest.xml:36:13-95
76            android:exported="true"
76-->[androidx.test:core:1.4.0] AndroidManifest.xml:37:13-36
77            android:theme="@android:style/Theme" >
77-->[androidx.test:core:1.4.0] AndroidManifest.xml:38:13-49
78            <intent-filter>
78-->[androidx.test:core:1.4.0] AndroidManifest.xml:31:13-33:29
79                <action android:name="android.intent.action.MAIN" />
79-->src/main/AndroidManifest.xml:25:17-69
79-->src/main/AndroidManifest.xml:25:25-66
80            </intent-filter>
81        </activity>
82        <activity
82-->[androidx.test:core:1.4.0] AndroidManifest.xml:43:9-50:20
83            android:name="androidx.test.core.app.InstrumentationActivityInvoker$EmptyFloatingActivity"
83-->[androidx.test:core:1.4.0] AndroidManifest.xml:44:13-103
84            android:exported="true"
84-->[androidx.test:core:1.4.0] AndroidManifest.xml:45:13-36
85            android:theme="@android:style/Theme.Dialog" >
85-->[androidx.test:core:1.4.0] AndroidManifest.xml:46:13-56
86            <intent-filter>
86-->[androidx.test:core:1.4.0] AndroidManifest.xml:31:13-33:29
87                <action android:name="android.intent.action.MAIN" />
87-->src/main/AndroidManifest.xml:25:17-69
87-->src/main/AndroidManifest.xml:25:25-66
88            </intent-filter>
89        </activity>
90
91        <provider
91-->[androidx.emoji2:emoji2:1.3.0] AndroidManifest.xml:24:9-32:20
92            android:name="androidx.startup.InitializationProvider"
92-->[androidx.emoji2:emoji2:1.3.0] AndroidManifest.xml:25:13-67
93            android:authorities="com.nnaroju.newsapp.androidx-startup"
93-->[androidx.emoji2:emoji2:1.3.0] AndroidManifest.xml:26:13-68
94            android:exported="false" >
94-->[androidx.emoji2:emoji2:1.3.0] AndroidManifest.xml:27:13-37
95            <meta-data
95-->[androidx.emoji2:emoji2:1.3.0] AndroidManifest.xml:29:13-31:52
96                android:name="androidx.emoji2.text.EmojiCompatInitializer"
96-->[androidx.emoji2:emoji2:1.3.0] AndroidManifest.xml:30:17-75
97                android:value="androidx.startup" />
97-->[androidx.emoji2:emoji2:1.3.0] AndroidManifest.xml:31:17-49
98            <meta-data
98-->[androidx.lifecycle:lifecycle-process:2.8.0] AndroidManifest.xml:29:13-31:52
99                android:name="androidx.lifecycle.ProcessLifecycleInitializer"
99-->[androidx.lifecycle:lifecycle-process:2.8.0] AndroidManifest.xml:30:17-78
100                android:value="androidx.startup" />
100-->[androidx.lifecycle:lifecycle-process:2.8.0] AndroidManifest.xml:31:17-49
101            <meta-data
101-->[androidx.profileinstaller:profileinstaller:1.3.1] AndroidManifest.xml:29:13-31:52
102                android:name="androidx.profileinstaller.ProfileInstallerInitializer"
102-->[androidx.profileinstaller:profileinstaller:1.3.1] AndroidManifest.xml:30:17-85
103                android:value="androidx.startup" />
103-->[androidx.profileinstaller:profileinstaller:1.3.1] AndroidManifest.xml:31:17-49
104        </provider>
105
106        <service
106-->[androidx.room:room-runtime:2.6.1] AndroidManifest.xml:24:9-28:63
107            android:name="androidx.room.MultiInstanceInvalidationService"
107-->[androidx.room:room-runtime:2.6.1] AndroidManifest.xml:25:13-74
108            android:directBootAware="true"
108-->[androidx.room:room-runtime:2.6.1] AndroidManifest.xml:26:13-43
109            android:exported="false" />
109-->[androidx.room:room-runtime:2.6.1] AndroidManifest.xml:27:13-37
110
111        <receiver
111-->[androidx.profileinstaller:profileinstaller:1.3.1] AndroidManifest.xml:34:9-52:20
112            android:name="androidx.profileinstaller.ProfileInstallReceiver"
112-->[androidx.profileinstaller:profileinstaller:1.3.1] AndroidManifest.xml:35:13-76
113            android:directBootAware="false"
113-->[androidx.profileinstaller:profileinstaller:1.3.1] AndroidManifest.xml:36:13-44
114            android:enabled="true"
114-->[androidx.profileinstaller:profileinstaller:1.3.1] AndroidManifest.xml:37:13-35
115            android:exported="true"
115-->[androidx.profileinstaller:profileinstaller:1.3.1] AndroidManifest.xml:38:13-36
116            android:permission="android.permission.DUMP" >
116-->[androidx.profileinstaller:profileinstaller:1.3.1] AndroidManifest.xml:39:13-57
117            <intent-filter>
117-->[androidx.profileinstaller:profileinstaller:1.3.1] AndroidManifest.xml:40:13-42:29
118                <action android:name="androidx.profileinstaller.action.INSTALL_PROFILE" />
118-->[androidx.profileinstaller:profileinstaller:1.3.1] AndroidManifest.xml:41:17-91
118-->[androidx.profileinstaller:profileinstaller:1.3.1] AndroidManifest.xml:41:25-88
119            </intent-filter>
120            <intent-filter>
120-->[androidx.profileinstaller:profileinstaller:1.3.1] AndroidManifest.xml:43:13-45:29
121                <action android:name="androidx.profileinstaller.action.SKIP_FILE" />
121-->[androidx.profileinstaller:profileinstaller:1.3.1] AndroidManifest.xml:44:17-85
121-->[androidx.profileinstaller:profileinstaller:1.3.1] AndroidManifest.xml:44:25-82
122            </intent-filter>
123            <intent-filter>
123-->[androidx.profileinstaller:profileinstaller:1.3.1] AndroidManifest.xml:46:13-48:29
124                <action android:name="androidx.profileinstaller.action.SAVE_PROFILE" />
124-->[androidx.profileinstaller:profileinstaller:1.3.1] AndroidManifest.xml:47:17-88
124-->[androidx.profileinstaller:profileinstaller:1.3.1] AndroidManifest.xml:47:25-85
125            </intent-filter>
126            <intent-filter>
126-->[androidx.profileinstaller:profileinstaller:1.3.1] AndroidManifest.xml:49:13-51:29
127                <action android:name="androidx.profileinstaller.action.BENCHMARK_OPERATION" />
127-->[androidx.profileinstaller:profileinstaller:1.3.1] AndroidManifest.xml:50:17-95
127-->[androidx.profileinstaller:profileinstaller:1.3.1] AndroidManifest.xml:50:25-92
128            </intent-filter>
129        </receiver>
130    </application>
131
132</manifest>